{"appName":"app","correlator":"toDo","message":"hi power of the magic","from":"app","to":"924242124","timestamp":1276651930}
{"appName":"app","correlator":"toDo","message":"hi power of","from":"app","to":"924242124","timestamp":1276652129}
{"appName":"app","correlator":"-12161920","message":"app reg","from":"0721333333","to":"app","timestamp":1277828267}
{"appName":"app","correlator":"1140728704","message":"ee","from":"0721333333","to":"app","timestamp":1277828347}
{"appName":"app","correlator":"-154854176","message":"ww","from":"0721333333","to":"app","timestamp":1277828403}
{"appName":"app","correlator":"344416704","message":"jj","from":"0721333333","to":"app","timestamp":1277828422}
{"appName":"app","correlator":"-2002465952","message":"dsf","from":"0721333333","to":"app","timestamp":1277828600}
{"appName":"app","correlator":"-780890592","message":"ff","from":"0721333333","to":"app","timestamp":1277828979}
{"appName":"app","correlator":"-720631968","message":"gh","from":"0721333333","to":"app","timestamp":1277829162}
{"appName":"app","correlator":"-1261977216","message":"ghh","from":"0721333333","to":"app","timestamp":1277829229}
{"appName":"app","correlator":"338765856","message":"bhh","from":"0721333333","to":"app","timestamp":1277829474}
{"appName":"app","correlator":"-1135159200","message":"jfgjh","from":"0721333333","to":"app","timestamp":1277829500}
{"appName":"app","correlator":"1399238208","message":"fd","from":"0721333333","to":"app","timestamp":1277829548}
{"appName":"app","correlator":"563246368","message":"sadas","from":"0721333333","to":"app","timestamp":1277829570}
{"appName":"app","correlator":"1219291744","message":"ewe","from":"0721333333","to":"app","timestamp":1277829591}
{"appName":"app","correlator":"88573984","message":"svsdfe","from":"0721333333","to":"app","timestamp":1277829707}
{"appName":"app","correlator":"-609626176","message":"dw","from":"0721333333","to":"app","timestamp":1277829744}
{"appName":"app","correlator":"-1542236608","message":"se","from":"0721333333","to":"app","timestamp":1277829791}
{"appName":"app","correlator":"7147072","message":"sfds","from":"0721333333","to":"app","timestamp":1277829812}
{"appName":"app","correlator":"1777812672","message":"msds","from":"0721333333","to":"app","timestamp":1277830008}
{"appName":"app","correlator":"-1523516000","message":"dsd","from":"0721333333","to":"app","timestamp":1277830183}
{"appName":"app","correlator":"-994399584","message":"sds","from":"0721333333","to":"app","timestamp":1277830244}
{"appName":"app","correlator":"459790272","message":"app sdfd","from":"0721333333","to":"app","timestamp":1277830720}
{"appName":"app","correlator":"-73757664","message":"app jhhgf","from":"0721333333","to":"app","timestamp":1277830771}
{"appName":"app","correlator":"859303392","message":"app abc","from":"0721333333","to":"app","timestamp":1277831157}
{"appName":"app","correlator":"1026227872","message":"app asa","from":"0721333333","to":"app","timestamp":1277831347}
{"appName":"app","correlator":"428017600","message":"app abc","from":"0721333333","to":"app","timestamp":1277836103}
{"appName":"app","correlator":"-1437557728","message":"app sddss","from":"0721333333","to":"app","timestamp":1277836730}
{"appName":"app","correlator":"1671940736","message":"app hi boss","from":"0721333333","to":"app","timestamp":1277837096}
{"appName":"app","correlator":"-851568416","message":"app sds","from":"0721333333","to":"app","timestamp":1277837139}
{"appName":"app","correlator":"866459680","message":"app aa","from":"0721333333","to":"app","timestamp":1277837300}
{"appName":"app","correlator":"-139413632","message":"app sd","from":"0721333333","to":"app","timestamp":1277837389}
{"appName":"app","correlator":"2053429120","message":"app ghjgh","from":"0721333333","to":"app","timestamp":1277837414}
{"appName":"app","correlator":"1302148736","message":"app as","from":"0721333333","to":"app","timestamp":1277837449}
{"appName":"app","correlator":"954057376","message":"app jj","from":"0721333333","to":"app","timestamp":1277837528}
{"appName":"app","correlator":"-562994720","message":"app ssd","from":"0721333333","to":"app","timestamp":1277837562}
{"appName":"app","correlator":"-828998816","message":"app ds","from":"0721333333","to":"app","timestamp":1277837608}
{"appName":"app","correlator":"2002805664","message":"app d","from":"0721333333","to":"app","timestamp":1277837629}
{"appName":"app","correlator":"1067223744","message":"app sf","from":"0721333333","to":"app","timestamp":1277837666}
{"appName":"app","correlator":"169894048","message":"app dss","from":"0721333333","to":"app","timestamp":1277837780}
{"appName":"app","correlator":"102525184","message":"app sds","from":"0721333333","to":"app","timestamp":1277837815}
{"appName":"app","correlator":"-1781018048","message":"app sd","from":"0721333333","to":"app","timestamp":1277837834}
{"appName":"app","correlator":"623623616","message":"app sds","from":"0721333333","to":"app","timestamp":1277837931}
{"appName":"app","correlator":"-733966176","message":"app de","from":"0721333333","to":"app","timestamp":1277837987}
{"appName":"app","correlator":"-1226529088","message":"app sd","from":"0721333333","to":"app","timestamp":1277838027}
{"appName":"app","correlator":"819194848","message":"app hj","from":"0721333333","to":"app","timestamp":1277838088}
{"appName":"app","correlator":"-333458336","message":"app sd","from":"0721333333","to":"app","timestamp":1277838109}
{"appName":"app","correlator":"-1055964672","message":"app sas","from":"0721333333","to":"app","timestamp":1277838118}
{"appName":"app","correlator":"1239913472","message":"app aa","from":"0721333333","to":"app","timestamp":1277838166}
{"appName":"app","correlator":"-2051141856","message":"app ss","from":"0721333333","to":"app","timestamp":1277838185}
{"appName":"app","correlator":"-644847648","message":"app sds","from":"0721333333","to":"app","timestamp":1277838292}
{"appName":"app","correlator":"1536444256","message":"app ad","from":"0721333333","to":"app","timestamp":1277838375}
{"appName":"app","correlator":"-1946942912","message":"app df","from":"0721333333","to":"app","timestamp":1277838540}
{"appName":"app","correlator":"-1747490112","message":"app as","from":"0721333333","to":"app","timestamp":1277838868}
{"appName":"app","correlator":"1001668576","message":"app sds","from":"0721333333","to":"app","timestamp":1277838900}
{"appName":"app","correlator":"-1993984384","message":"app sds","from":"0721333333","to":"app","timestamp":1277838917}
{"appName":"app","correlator":"1758324832","message":"app sd","from":"0721333333","to":"app","timestamp":1277838939}
{"appName":"app","correlator":"-1046985472","message":"app ds","from":"0721333333","to":"app","timestamp":1277839023}
{"appName":"app","correlator":"-946946336","message":"app zone","from":"0721333333","to":"app","timestamp":1277839791}
{"appName":"app","correlator":"1752944160","message":"app ss","from":"0721333333","to":"app","timestamp":1277839991}
{"appName":"app","correlator":"1358517184","message":"app aa","from":"0721333333","to":"app","timestamp":1277840038}
{"appName":"app","correlator":"-1397253248","message":"app ss","from":"0721333333","to":"app","timestamp":1277840071}
{"appName":"app","correlator":"-1390563776","message":"app hgh","from":"0721333333","to":"app","timestamp":1277840329}
{"appName":"app","correlator":"-174156896","message":"app f","from":"0721333333","to":"app","timestamp":1277840343}
{"appName":"app","correlator":"-306238560","message":"app er","from":"0721333333","to":"app","timestamp":1277840384}
{"appName":"app","correlator":"-1616165120","message":"app f","from":"0721333333","to":"app","timestamp":1277840397}
{"appName":"app","correlator":"-600404000","message":"app fdf","from":"0721333333","to":"app","timestamp":1277840408}
{"appName":"app","correlator":"1656361440","message":"app ssd","from":"0721333333","to":"app","timestamp":1277840413}
{"appName":"app","correlator":"-978066176","message":"app efrgq","from":"0721333333","to":"app","timestamp":1277840426}
{"appName":"app","correlator":"-494304800","message":"app sds","from":"0721333333","to":"app","timestamp":1277840589}
{"appName":"app","correlator":"1253293024","message":"app hi","from":"0721333333","to":"app","timestamp":1277840598}
{"appName":"app","correlator":"571295392","message":"app ada","from":"0721333333","to":"app","timestamp":1277840653}
