{"appName":"app","address":null,"message":null,"statusCode":"400","statusMessage":"Bad   Request.    Request   missing   required parameters or parameter format is wrong.","timestamp":1276611653}
{"appName":"app","address":null,"message":null,"statusCode":"400","statusMessage":"Bad   Request.    Request   missing   required parameters or parameter format is wrong.","timestamp":1276611660}
{"appName":"app","address":null,"message":null,"statusCode":"400","statusMessage":"Bad   Request.    Request   missing   required parameters or parameter format is wrong.","timestamp":1276611664}
{"appName":"app","address":"tel:0721162733","message":"Hi New One","statusCode":"SBL-SMS-MT-2000","statusMessage":"SUCCESS","timestamp":1276611700}
{"appName":"app","address":"tel:0721162733","message":"Hi New One","statusCode":"SBL-SMS-MT-2000","statusMessage":"SUCCESS","timestamp":1276611706}
{"appName":"app","address":"tel:0721162733","message":"Hi New One","statusCode":"SBL-SMS-MT-2000","statusMessage":"SUCCESS","timestamp":1276611865}
{"appName":"app","address":"tel:0721162733","message":"Hi New One","statusCode":"SBL-SMS-MT-2000","statusMessage":"SUCCESS","timestamp":1276611865}
{"appName":"app","address":null,"message":null,"statusCode":"401","statusMessage":"Unauthorized. Authentication details missing or unformatted authentication details exists.","timestamp":1276651443}
{"appName":"app","address":null,"message":null,"statusCode":"401","statusMessage":"Unauthorized. Authentication details missing or unformatted authentication details exists.","timestamp":1276651672}
{"appName":"app","address":"tel:0721162733","message":"Hi New One","statusCode":"SBL-SMS-MT-2000","statusMessage":"SUCCESS","timestamp":1276651687}
{"appName":"app","address":null,"message":null,"statusCode":"401","statusMessage":"Unauthorized. Authentication details missing or unformatted authentication details exists.","timestamp":1277468436}
{"appName":"app","address":null,"message":null,"statusCode":"401","statusMessage":"Unauthorized. Authentication details missing or unformatted authentication details exists.","timestamp":1277630431}
{"appName":"app","address":"tel:0721162733","message":"Hi New One","statusCode":"SBL-SMS-MT-2000","statusMessage":"SUCCESS","timestamp":1277633995}
{"appName":"app","address":"tel:0721162733","message":"Hi New One","statusCode":"SBL-SMS-MT-2000","statusMessage":"SUCCESS","timestamp":1277634093}
{"appName":"app","address":"tel:0712324","message":"Thanks","statusCode":"SBL-SMS-MT-2000","statusMessage":"SUCCESS","timestamp":1277646671}
{"appName":"app","address":"tel:0732332","message":"Thanks","statusCode":"SBL-SMS-MT-2000","statusMessage":"SUCCESS","timestamp":1277646692}
{"appName":"app","address":"tel:07215683892","message":"Thanks","statusCode":"SBL-SMS-MT-2000","statusMessage":"SUCCESS","timestamp":1277646821}
{"appName":"app","address":"tel:3425365","message":"Thanks","statusCode":"SBL-SMS-MT-2000","statusMessage":"SUCCESS","timestamp":1277646837}
{"appName":"app","address":"tel:3425365","message":"Thanks","statusCode":"SBL-SMS-MT-2000","statusMessage":"SUCCESS","timestamp":1277647080}
{"appName":"app","address":"tel:07213441","message":"Thanks","statusCode":"SBL-SMS-MT-2000","statusMessage":"SUCCESS","timestamp":1277647155}
{"appName":"app","address":"tel:07213343","message":"Thanks","statusCode":"SBL-SMS-MT-2000","statusMessage":"SUCCESS","timestamp":1277647189}
{"appName":"app","address":"tel:07213343","message":"Thanks","statusCode":"SBL-SMS-MT-2000","statusMessage":"SUCCESS","timestamp":1277647201}
{"appName":"app","address":"tel:07213566","message":"Thanks","statusCode":"SBL-SMS-MT-2000","statusMessage":"SUCCESS","timestamp":1277647257}
{"appName":"app","address":"tel:07213566","message":"Thanks","statusCode":"SBL-SMS-MT-2000","statusMessage":"SUCCESS","timestamp":1277647261}
{"appName":"app","address":"tel:534523","message":"Thanks","statusCode":"SBL-SMS-MT-2000","statusMessage":"SUCCESS","timestamp":1277647301}
{"appName":"app","address":"tel:76767","message":"Thanks","statusCode":"SBL-SMS-MT-2000","statusMessage":"SUCCESS","timestamp":1277647387}
{"appName":"app","address":"tel:76767","message":"Thanks","statusCode":"SBL-SMS-MT-2000","statusMessage":"SUCCESS","timestamp":1277647393}
{"appName":"app","address":"tel:7676767","message":"Thanks","statusCode":"SBL-SMS-MT-2000","statusMessage":"SUCCESS","timestamp":1277647420}
{"appName":"app","address":"tel:7676767","message":"Thanks","statusCode":"SBL-SMS-MT-2000","statusMessage":"SUCCESS","timestamp":1277647425}
{"appName":"app","address":"tel:676788","message":"Thanks","statusCode":"SBL-SMS-MT-2000","statusMessage":"SUCCESS","timestamp":1277647458}
{"appName":"app","address":"tel:972323","message":"Thanks","statusCode":"SBL-SMS-MT-2000","statusMessage":"SUCCESS","timestamp":1277647668}
{"appName":"app","address":"tel:972323","message":"Thanks","statusCode":"SBL-SMS-MT-2000","statusMessage":"SUCCESS","timestamp":1277647722}
{"appName":"app","address":"tel:072465621","message":"Thanks","statusCode":"SBL-SMS-MT-2000","statusMessage":"SUCCESS","timestamp":1277647849}
{"appName":"app","address":"tel:0721232","message":"Thanks","statusCode":"SBL-SMS-MT-2000","statusMessage":"SUCCESS","timestamp":1277648325}
{"appName":"app","address":"tel:0721162733","message":"Thanks","statusCode":"SBL-SMS-MT-2000","statusMessage":"SUCCESS","timestamp":1277648417}
{"appName":"app","address":"tel:0721162733","message":"Thanks","statusCode":"SBL-SMS-MT-2000","statusMessage":"SUCCESS","timestamp":1277648432}
{"appName":"app","address":"tel:671327","message":"Thanks","statusCode":"SBL-SMS-MT-2000","statusMessage":"SUCCESS","timestamp":1277648917}
{"appName":"app","address":"tel:671327","message":"Thanks","statusCode":"SBL-SMS-MT-2000","statusMessage":"SUCCESS","timestamp":1277648949}
{"appName":"app","address":"tel:98978","message":"Thanks","statusCode":"SBL-SMS-MT-2000","statusMessage":"SUCCESS","timestamp":1277648987}
{"appName":"app","address":"tel:98978","message":"Thanks","statusCode":"SBL-SMS-MT-2000","statusMessage":"SUCCESS","timestamp":1277648994}
{"appName":"app","address":"tel:98978","message":"Thanks","statusCode":"SBL-SMS-MT-2000","statusMessage":"SUCCESS","timestamp":1277649014}
{"appName":"app","address":"tel:98978","message":"Thanks","statusCode":"SBL-SMS-MT-2000","statusMessage":"SUCCESS","timestamp":1277649017}
{"appName":"app","address":"tel:98978","message":"Thanks","statusCode":"SBL-SMS-MT-2000","statusMessage":"SUCCESS","timestamp":1277649020}
{"appName":"app","address":"tel:98978","message":"Thanks","statusCode":"SBL-SMS-MT-2000","statusMessage":"SUCCESS","timestamp":1277649023}
{"appName":"app","address":"tel:67678","message":"Thanks","statusCode":"SBL-SMS-MT-2000","statusMessage":"SUCCESS","timestamp":1277649109}
{"appName":"app","address":"tel:67678","message":"Thanks","statusCode":"SBL-SMS-MT-2000","statusMessage":"SUCCESS","timestamp":1277649113}
{"appName":"app","address":"tel:67678","message":"Thanks","statusCode":"SBL-SMS-MT-2000","statusMessage":"SUCCESS","timestamp":1277649115}
{"appName":"app","address":"tel:67678","message":"Thanks","statusCode":"SBL-SMS-MT-2000","statusMessage":"SUCCESS","timestamp":1277649118}
{"appName":"app","address":"tel:67678","message":"Thanks","statusCode":"SBL-SMS-MT-2000","statusMessage":"SUCCESS","timestamp":1277649122}
{"appName":"app","address":"tel:67678","message":"Thanks","statusCode":"SBL-SMS-MT-2000","statusMessage":"SUCCESS","timestamp":1277649124}
{"appName":"app","address":"tel:67678","message":"Thanks","statusCode":"SBL-SMS-MT-2000","statusMessage":"SUCCESS","timestamp":1277649911}
{"appName":"app","address":"tel:982432","message":"Thanks","statusCode":"SBL-SMS-MT-2000","statusMessage":"SUCCESS","timestamp":1277658924}
{"appName":"app","address":"tel:0721333333","message":"Thanks","statusCode":"SBL-SMS-MT-2000","statusMessage":"SUCCESS","timestamp":1277828267}
{"appName":"app","address":"tel:0721333333","message":"Thanks","statusCode":"SBL-SMS-MT-2000","statusMessage":"SUCCESS","timestamp":1277828347}
{"appName":"app","address":"tel:0721333333","message":"Thanks","statusCode":"SBL-SMS-MT-2000","statusMessage":"SUCCESS","timestamp":1277828422}
{"appName":"app","address":"tel:0721333333","message":"Thanks","statusCode":"SBL-SMS-MT-2000","statusMessage":"SUCCESS","timestamp":1277828600}
{"appName":"app","address":"tel:0721333333","message":"Thanks","statusCode":"SBL-SMS-MT-2000","statusMessage":"SUCCESS","timestamp":1277828979}
{"appName":"app","address":"list:all_registered","message":"Hi all, we got a new message","statusCode":"500","statusMessage":null,"timestamp":1277830183}
{"appName":"app","address":"list:all_registered","message":"Hi all, we got a new message","statusCode":"500","statusMessage":null,"timestamp":1277830244}
{"appName":"app","address":"tel:0721333333","message":"Thanks","statusCode":"SBL-SMS-MT-2000","statusMessage":"SUCCESS","timestamp":1277830720}
{"appName":"app","address":"tel:0721333333","message":"Thanks2","statusCode":"SBL-SMS-MT-2000","statusMessage":"SUCCESS","timestamp":1277830771}
{"appName":"app","address":"tel:0721333333","message":"Thanks2","statusCode":"SBL-SMS-MT-2000","statusMessage":"SUCCESS","timestamp":1277831157}
{"appName":"app","address":"tel:0721333333","message":"Thanks2","statusCode":"SBL-SMS-MT-2000","statusMessage":"SUCCESS","timestamp":1277831347}
{"appName":"app","address":"tel:0721333333","message":"Thanks2","statusCode":"CORE-SMS-MT-4018","statusMessage":null,"timestamp":1277836103}
{"appName":"app","address":"tel:0721333333","message":"Thanks2","statusCode":"CORE-SMS-MT-4018","statusMessage":null,"timestamp":1277836730}
{"appName":"app","address":null,"message":null,"statusCode":"401","statusMessage":"Unauthorized. Authentication details missing or unformatted authentication details exists.","timestamp":1277836838}
{"appName":"app","address":null,"message":null,"statusCode":"401","statusMessage":"Unauthorized. Authentication details missing or unformatted authentication details exists.","timestamp":1277836938}
{"appName":"app","address":null,"message":null,"statusCode":"401","statusMessage":"Unauthorized. Authentication details missing or unformatted authentication details exists.","timestamp":1277836941}
{"appName":"app","address":null,"message":null,"statusCode":"401","statusMessage":"Unauthorized. Authentication details missing or unformatted authentication details exists.","timestamp":1277836952}
{"appName":"app","address":null,"message":null,"statusCode":"400","statusMessage":"Bad   Request.    Request   missing   required parameters or parameter format is wrong.","timestamp":1277836965}
{"appName":"app","address":"0721333333","message":"the msg","statusCode":"SBL-SMS-MT-2000","statusMessage":"SUCCESS","timestamp":1277837037}
{"appName":"app","address":"0721333333","message":"the msg","statusCode":"CORE-SMS-MT-4018","statusMessage":null,"timestamp":1277837067}
{"appName":"app","address":"0721333333","message":"the msg","statusCode":"SBL-SMS-MT-2000","statusMessage":"SUCCESS","timestamp":1277837082}
{"appName":"app","address":"0721333333","message":"the msg","statusCode":"SBL-SMS-MT-2000","statusMessage":"SUCCESS","timestamp":1277837084}
{"appName":"app","address":null,"message":null,"statusCode":"CORE-SMS-MT-4018","statusMessage":null,"timestamp":1277837096}
{"appName":"app","address":"tel:0721333333","message":"Thanks2","statusCode":"CORE-SMS-MT-4018","statusMessage":null,"timestamp":1277837139}
{"appName":"app","address":null,"message":null,"statusCode":"CORE-SMS-MT-4018","statusMessage":null,"timestamp":1277837300}
{"appName":"app","address":"0721333333","message":"the msg","statusCode":"SBL-SMS-MT-2000","statusMessage":"SUCCESS","timestamp":1277837350}
{"appName":"app","address":"0721333333","message":"the msg","statusCode":"SBL-SMS-MT-2000","statusMessage":"SUCCESS","timestamp":1277837351}
{"appName":"app","address":null,"message":null,"statusCode":"401","statusMessage":"Unauthorized. Authentication details missing or unformatted authentication details exists.","timestamp":1277837381}
{"appName":"app","address":"tel:0721333333","message":"Thanksaa","statusCode":"CORE-SMS-MT-4018","statusMessage":null,"timestamp":1277837389}
{"appName":"app","address":"tel:0721333333","message":"Thanksaa","statusCode":"CORE-SMS-MT-4018","statusMessage":null,"timestamp":1277837414}
{"appName":"app","address":"tel:0721333333","message":"Thanksaa","statusCode":"CORE-SMS-MT-4018","statusMessage":null,"timestamp":1277837449}
{"appName":"app","address":"tel:0721333333","message":"Thanksaa","statusCode":"SBL-SMS-MT-2000","statusMessage":"SUCCESS","timestamp":1277837528}
{"appName":"app","address":"tel:0721333333","message":"Thanksaa","statusCode":"SBL-SMS-MT-2000","statusMessage":"SUCCESS","timestamp":1277837562}
{"appName":"app","address":"tel:0721333333","message":"Thanksaa","statusCode":"CORE-SMS-MT-4018","statusMessage":null,"timestamp":1277837608}
{"appName":"app","address":"tel:0721333333","message":"Thanksaa","statusCode":"CORE-SMS-MT-4018","statusMessage":null,"timestamp":1277837629}
{"appName":"app","address":"tel:0721333333","message":"Thanksaa","statusCode":"CORE-SMS-MT-4018","statusMessage":null,"timestamp":1277837666}
{"appName":"app","address":"tel:0721333333","message":"Thanksaa","statusCode":"CORE-SMS-MT-4018","statusMessage":null,"timestamp":1277837780}
{"appName":"app","address":"tel:0721333333","message":"Thanksaa","statusCode":"CORE-SMS-MT-4018","statusMessage":null,"timestamp":1277837815}
{"appName":"app","address":"tel:0721333333","message":"Thanksaa","statusCode":"SBL-SMS-MT-2000","statusMessage":"SUCCESS","timestamp":1277837834}
{"appName":"app","address":"tel:0721333333","message":"Thanksaa","statusCode":"CORE-SMS-MT-4018","statusMessage":null,"timestamp":1277837931}
{"appName":"app","address":"tel:0721333333","message":"Thanksaa","statusCode":"CORE-SMS-MT-4018","statusMessage":null,"timestamp":1277837987}
{"appName":"app","address":"tel:0721333333","message":"Thanksaa","statusCode":"CORE-SMS-MT-4018","statusMessage":null,"timestamp":1277838027}
{"appName":"app","address":"tel:0721333333","message":"Thanksaa","statusCode":"CORE-SMS-MT-4018","statusMessage":null,"timestamp":1277838088}
{"appName":"app","address":"tel:0721333333","message":"Thanksaa","statusCode":"SBL-SMS-MT-2000","statusMessage":"SUCCESS","timestamp":1277838109}
{"appName":"app","address":"tel:0721333333","message":"Thanksaa","statusCode":"SBL-SMS-MT-2000","statusMessage":"SUCCESS","timestamp":1277838118}
{"appName":"app","address":"tel:0721333333","message":"Thanksaa","statusCode":"CORE-SMS-MT-4018","statusMessage":null,"timestamp":1277838166}
{"appName":"app","address":"tel:0721333333","message":"Thanks33","statusCode":"CORE-SMS-MT-4018","statusMessage":null,"timestamp":1277838185}
{"appName":"app","address":"tel:0721333333","message":"Thanks33","statusCode":"CORE-SMS-MT-4018","statusMessage":null,"timestamp":1277838292}
{"appName":"app","address":"tel:0721333333","message":"Thanks33","statusCode":"CORE-SMS-MT-4018","statusMessage":null,"timestamp":1277838375}
{"appName":"app","address":null,"message":null,"statusCode":"SBL-SMS-MT-2000","statusMessage":"SUCCESS","timestamp":1277838517}
{"appName":"app","address":null,"message":null,"statusCode":"SBL-SMS-MT-2000","statusMessage":"SUCCESS","timestamp":1277838534}
{"appName":"app","address":null,"message":null,"statusCode":"CORE-SMS-MT-4018","statusMessage":null,"timestamp":1277838540}
{"appName":"app","address":null,"message":null,"statusCode":"SBL-SMS-MT-2000","statusMessage":"SUCCESS","timestamp":1277838620}
{"appName":"app","address":null,"message":null,"statusCode":"CORE-SMS-MT-4018","statusMessage":null,"timestamp":1277838868}
{"appName":"app","address":null,"message":null,"statusCode":"CORE-SMS-MT-4018","statusMessage":null,"timestamp":1277838900}
{"appName":"app","address":null,"message":null,"statusCode":"CORE-SMS-MT-4018","statusMessage":null,"timestamp":1277838917}
{"appName":"app","address":null,"message":null,"statusCode":"CORE-SMS-MT-4018","statusMessage":null,"timestamp":1277838939}
{"appName":"app","address":null,"message":null,"statusCode":"CORE-SMS-MT-4018","statusMessage":null,"timestamp":1277838976}
{"appName":"app","address":null,"message":null,"statusCode":"CORE-SMS-MT-4018","statusMessage":null,"timestamp":1277838977}
{"appName":"app","address":null,"message":null,"statusCode":"CORE-SMS-MT-4018","statusMessage":null,"timestamp":1277838978}
{"appName":"app","address":null,"message":null,"statusCode":"CORE-SMS-MT-4018","statusMessage":null,"timestamp":1277838979}
{"appName":"app","address":null,"message":null,"statusCode":"SBL-SMS-MT-2000","statusMessage":"SUCCESS","timestamp":1277839000}
{"appName":"app","address":null,"message":null,"statusCode":"SBL-SMS-MT-2000","statusMessage":"SUCCESS","timestamp":1277839017}
{"appName":"app","address":null,"message":null,"statusCode":"SBL-SMS-MT-2000","statusMessage":"SUCCESS","timestamp":1277839023}
{"appName":"app","address":null,"message":null,"statusCode":"SBL-SMS-MT-2000","statusMessage":"SUCCESS","timestamp":1277839578}
{"appName":"app","address":null,"message":null,"statusCode":"SBL-SMS-MT-2000","statusMessage":"SUCCESS","timestamp":1277839680}
{"appName":"app","address":null,"message":null,"statusCode":"SBL-SMS-MT-2000","statusMessage":"SUCCESS","timestamp":1277839700}
{"appName":"app","address":null,"message":null,"statusCode":"SBL-SMS-MT-2000","statusMessage":"SUCCESS","timestamp":1277839701}
{"appName":"app","address":null,"message":null,"statusCode":"SBL-SMS-MT-2000","statusMessage":"SUCCESS","timestamp":1277839701}
{"appName":"app","address":null,"message":null,"statusCode":"SBL-SMS-MT-2000","statusMessage":"SUCCESS","timestamp":1277839726}
{"appName":"app","address":null,"message":null,"statusCode":"SBL-SMS-MT-2000","statusMessage":"SUCCESS","timestamp":1277839727}
{"appName":"app","address":null,"message":null,"statusCode":"SBL-SMS-MT-2000","statusMessage":"SUCCESS","timestamp":1277839753}
{"appName":"app","address":null,"message":null,"statusCode":"SBL-SMS-MT-2000","statusMessage":"SUCCESS","timestamp":1277839784}
{"appName":"app","address":null,"message":null,"statusCode":"SBL-SMS-MT-2000","statusMessage":"SUCCESS","timestamp":1277839791}
{"appName":"app","address":null,"message":null,"statusCode":"1","statusMessage":"aa","timestamp":1277839991}
{"appName":"app","address":null,"message":null,"statusCode":"1","statusMessage":"1","timestamp":1277840038}
{"appName":"app","address":null,"message":null,"statusCode":"1","statusMessage":"1","timestamp":1277840071}
{"appName":"app","address":null,"message":null,"statusCode":"1","statusMessage":"1","timestamp":1277840216}
{"appName":"app","address":null,"message":null,"statusCode":"1","statusMessage":"1","timestamp":1277840252}
{"appName":"app","address":null,"message":null,"statusCode":"1","statusMessage":"1","timestamp":1277840253}
{"appName":"app","address":null,"message":null,"statusCode":"1","statusMessage":"1","timestamp":1277840254}
{"appName":"app","address":null,"message":null,"statusCode":"1","statusMessage":"1","timestamp":1277840260}
{"appName":"app","address":null,"message":null,"statusCode":"1","statusMessage":"1","timestamp":1277840263}
{"appName":"app","address":"tel:0721333333","message":"Thanks33","statusCode":"SBL-SMS-MT-2000","statusMessage":"SUCCESS","timestamp":1277840329}
{"appName":"app","address":"tel:0721333333","message":"Thanks33","statusCode":"1","statusMessage":"1","timestamp":1277840343}
{"appName":"app","address":"tel:0721333333","message":"Thanks33","statusCode":"SBL-SMS-MT-2000","statusMessage":"SUCCESS","timestamp":1277840384}
{"appName":"app","address":"tel:0721333333","message":"Thanks33","statusCode":"SBL-SMS-MT-2000","statusMessage":"SUCCESS","timestamp":1277840397}
{"appName":"app","address":"tel:0721333333","message":"Thanks33","statusCode":"CORE-SMS-MT-4018","statusMessage":null,"timestamp":1277840408}
{"appName":"app","address":"tel:0721333333","message":"Thanks33","statusCode":"CORE-SMS-MT-4018","statusMessage":null,"timestamp":1277840413}
{"appName":"app","address":"tel:0721333333","message":"Thanks33","statusCode":"SBL-SMS-MT-2000","statusMessage":"SUCCESS","timestamp":1277840426}
{"appName":"app","address":"tel:0721333333","message":"Thanks33","statusCode":"SBL-SMS-MT-2000","statusMessage":"SUCCESS","timestamp":1277840589}
{"appName":"app","address":"tel:0721333333","message":"Thanks33","statusCode":"SBL-SMS-MT-2000","statusMessage":"SUCCESS","timestamp":1277840598}
{"appName":"app","address":"tel:0721333333","message":"pingback:app ada","statusCode":"SBL-SMS-MT-2000","statusMessage":"SUCCESS","timestamp":1277840653}
{"appName":"app","address":null,"message":null,"statusCode":"CORE-SMS-MT-4018","statusMessage":null,"timestamp":1277871507}
{"appName":"app","address":"tel:0721333333","message":"the msg","statusCode":"SBL-SMS-MT-2000","statusMessage":"SUCCESS","timestamp":1277871523}
{"appName":"app","address":"tel:0721111111","message":"the msg","statusCode":"CORE-SMS-MT-4018","statusMessage":null,"timestamp":1277871543}
{"appName":"app","address":null,"message":null,"statusCode":"400","statusMessage":"Bad   Request.    Request   missing   required parameters or parameter format is wrong.","timestamp":1277871808}
{"appName":"app","address":null,"message":"the msg","statusCode":"CORE-SMS-MT-4018","statusMessage":null,"timestamp":1277871866}
{"appName":"app","address":null,"message":"the msg","statusCode":"CORE-SMS-MT-4018","statusMessage":null,"timestamp":1277872025}
{"appName":"app","address":null,"message":"the msg","statusCode":"CORE-SMS-MT-4018","statusMessage":null,"timestamp":1277872100}
{"appName":"app","address":null,"message":"the msg","statusCode":"CORE-SMS-MT-4018","statusMessage":null,"timestamp":1277872421}
{"appName":"app","address":null,"message":"the msg","statusCode":"CORE-SMS-MT-4018","statusMessage":null,"timestamp":1277872537}
{"appName":"app","address":null,"message":"the msg","statusCode":"CORE-SMS-MT-4018","statusMessage":null,"timestamp":1277872540}
{"appName":"app","address":null,"message":"the msg","statusCode":"CORE-SMS-MT-4018","statusMessage":null,"timestamp":1277872552}
{"appName":"app","address":null,"message":null,"statusCode":"400","statusMessage":"Bad   Request.    Request   missing   required parameters or parameter format is wrong.","timestamp":1277872564}
{"appName":"app","address":["0721333333","0721111111"],"message":"the msg","statusCode":"CORE-SMS-MT-4018","statusMessage":null,"timestamp":1277872904}
{"appName":"app","address":["0721333333","0721111111"],"message":"the msg","statusCode":"CORE-SMS-MT-4018","statusMessage":null,"timestamp":1277872905}
{"appName":"app","address":["0721333333","0721111111"],"message":"the msg","statusCode":"CORE-SMS-MT-4018","statusMessage":null,"timestamp":1277872914}
{"appName":"app","address":["0721333333","0721111111"],"message":"the msg","statusCode":"CORE-SMS-MT-4018","statusMessage":null,"timestamp":1277872941}
{"appName":"app","address":["0721333333","0721111111"],"message":"the msg","statusCode":"CORE-SMS-MT-4018","statusMessage":null,"timestamp":1277872985}
{"appName":"app","address":null,"message":"the msg","statusCode":"CORE-SMS-MT-4018","statusMessage":null,"timestamp":1277873000}
{"appName":"app","address":null,"message":"the msg","statusCode":"SBL-SMS-MT-2000","statusMessage":"SUCCESS","timestamp":1277873245}
{"appName":"app","address":null,"message":"the msg","statusCode":"SBL-SMS-MT-2000","statusMessage":"SUCCESS","timestamp":1277873248}
{"appName":"app","address":["0721111111"],"message":"the msg","statusCode":"CORE-SMS-MT-4018","statusMessage":null,"timestamp":1277873269}
{"appName":"app","address":["0721333333"],"message":"the msg","statusCode":"SBL-SMS-MT-2000","statusMessage":"SUCCESS","timestamp":1277873278}
{"appName":"app","address":["0721333333","0721222222"],"message":"the msg","statusCode":"CORE-SMS-MT-4018","statusMessage":null,"timestamp":1277873301}
{"appName":"app","address":["0721333333","0721222222"],"message":"the msg","statusCode":"SBL-SMS-MT-2000","statusMessage":"SUCCESS","timestamp":1277873322}
{"appName":"app","address":["0721333333","0721222222"],"message":"the msg","statusCode":"CORE-SMS-MT-4018","statusMessage":null,"timestamp":1277873332}
{"appName":"app","address":["0721333333","0721222222"],"message":"the msg","statusCode":"SBL-SMS-MT-2000","statusMessage":"SUCCESS","timestamp":1277873341}
{"appName":"app","address":null,"message":"the msg to all","statusCode":"SBL-SMS-MT-2000","statusMessage":"SUCCESS","timestamp":1277873643}
{"appName":"app","address":null,"message":"the msg to all","statusCode":"SBL-SMS-MT-2000","statusMessage":"SUCCESS","timestamp":1277873682}
{"appName":"app","address":null,"message":"the msg to all 2","statusCode":"SBL-SMS-MT-2000","statusMessage":"SUCCESS","timestamp":1277873743}
{"appName":"app","address":null,"message":"the msg to all 2","statusCode":"SBL-SMS-MT-2000","statusMessage":"SUCCESS","timestamp":1277873770}
